[0m06:05:46.613420 [debug] [MainThread]: Sending event: {'category': 'dbt', 'action': 'invocation', 'label': 'start', 'context': [<snowplow_tracker.self_describing_json.SelfDescribingJson object at 0x7c4e01f4db20>, <snowplow_tracker.self_describing_json.SelfDescribingJson object at 0x7c4e0228afc0>, <snowplow_tracker.self_describing_json.SelfDescribingJson object at 0x7c4e02288cb0>]}


============================== 06:05:46.616412 | 36969df9-2428-4155-8733-8a67e6f46304 ==============================
[0m06:05:46.616412 [info ] [MainThread]: Running with dbt=1.8.7
[0m06:05:46.617172 [debug] [MainThread]: running dbt with arguments {'printer_width': '80', 'indirect_selection': 'eager', 'write_json': 'True', 'log_cache_events': 'False', 'partial_parse': 'True', 'cache_selected_only': 'False', 'warn_error': 'None', 'fail_fast': 'False', 'version_check': 'True', 'log_path': 'logs', 'debug': 'False', 'profiles_dir': '/home/codespace/.dbt', 'use_colors': 'True', 'use_experimental_parser': 'False', 'empty': 'None', 'quiet': 'False', 'no_print': 'None', 'log_format': 'default', 'invocation_command': 'dbt init', 'static_parser': 'True', 'introspect': 'True', 'target_path': 'None', 'warn_error_options': 'WarnErrorOptions(include=[], exclude=[])', 'send_anonymous_usage_stats': 'True'}
[0m06:05:46.625179 [warn ] [MainThread]: [ConfigFolderDirectory]: Unable to parse dict {'dir': PosixPath('/home/codespace/.dbt')}
[0m06:05:46.625768 [info ] [MainThread]: Creating dbt configuration folder at 
[0m06:06:30.338552 [debug] [MainThread]: Starter project path: /workspaces/modern-data-stack/development/Github/dbt-env/lib/python3.12/site-packages/dbt/include/starter_project
[0m06:06:30.343382 [info ] [MainThread]: 
Your new dbt project "mds_analytics" was created!

For more information on how to configure the profiles.yml file,
please consult the dbt documentation here:

  https://docs.getdbt.com/docs/configure-your-profile

One more thing:

Need help? Don't hesitate to reach out to us via GitHub issues or on Slack:

  https://community.getdbt.com/

Happy modeling!

[0m06:06:30.344287 [info ] [MainThread]: Setting up your profile.
[0m06:12:52.980313 [info ] [MainThread]: Profile mds_analytics written to /home/codespace/.dbt/profiles.yml using target's profile_template.yml and your supplied values. Run 'dbt debug' to validate the connection.
[0m06:12:52.992035 [debug] [MainThread]: Resource report: {"command_name": "init", "command_success": true, "command_wall_clock_time": 426.4281, "process_user_time": 1.319354, "process_kernel_time": 0.127491, "process_mem_max_rss": "90420", "process_in_blocks": "152", "process_out_blocks": "88"}
[0m06:12:52.992763 [debug] [MainThread]: Command `dbt init` succeeded at 06:12:52.992647 after 426.43 seconds
[0m06:12:52.993286 [debug] [MainThread]: Sending event: {'category': 'dbt', 'action': 'invocation', 'label': 'end', 'context': [<snowplow_tracker.self_describing_json.SelfDescribingJson object at 0x7c4e02eea3f0>, <snowplow_tracker.self_describing_json.SelfDescribingJson object at 0x7c4e01976fc0>, <snowplow_tracker.self_describing_json.SelfDescribingJson object at 0x7c4e01997740>]}
[0m06:12:52.993815 [debug] [MainThread]: Flushing usage events
[0m06:13:03.315569 [debug] [MainThread]: Sending event: {'category': 'dbt', 'action': 'invocation', 'label': 'start', 'context': [<snowplow_tracker.self_describing_json.SelfDescribingJson object at 0x7d470f52f800>, <snowplow_tracker.self_describing_json.SelfDescribingJson object at 0x7d470f28bbf0>, <snowplow_tracker.self_describing_json.SelfDescribingJson object at 0x7d470f667530>]}


============================== 06:13:03.320008 | fe8e3a27-5462-4766-a8cb-2f2934321bfc ==============================
[0m06:13:03.320008 [info ] [MainThread]: Running with dbt=1.8.7
[0m06:13:03.321209 [debug] [MainThread]: running dbt with arguments {'printer_width': '80', 'indirect_selection': 'eager', 'log_cache_events': 'False', 'write_json': 'True', 'partial_parse': 'True', 'cache_selected_only': 'False', 'warn_error': 'None', 'debug': 'False', 'fail_fast': 'False', 'log_path': 'logs', 'version_check': 'True', 'profiles_dir': '/home/codespace/.dbt', 'use_colors': 'True', 'use_experimental_parser': 'False', 'empty': 'None', 'quiet': 'False', 'no_print': 'None', 'warn_error_options': 'WarnErrorOptions(include=[], exclude=[])', 'invocation_command': 'dbt debug', 'introspect': 'True', 'log_format': 'default', 'target_path': 'None', 'static_parser': 'True', 'send_anonymous_usage_stats': 'True'}
[0m06:13:03.332902 [info ] [MainThread]: dbt version: 1.8.7
[0m06:13:03.333823 [info ] [MainThread]: python version: 3.12.1
[0m06:13:03.334680 [info ] [MainThread]: python path: /workspaces/modern-data-stack/development/Github/dbt-env/bin/python
[0m06:13:03.335517 [info ] [MainThread]: os info: Linux-6.5.0-1025-azure-x86_64-with-glibc2.31
[0m06:13:03.424889 [info ] [MainThread]: Using profiles dir at /home/codespace/.dbt
[0m06:13:03.425602 [info ] [MainThread]: Using profiles.yml file at /home/codespace/.dbt/profiles.yml
[0m06:13:03.426148 [info ] [MainThread]: Using dbt_project.yml file at /workspaces/modern-data-stack/development/Github/dbt_project.yml
[0m06:13:03.426818 [info ] [MainThread]: adapter type: postgres
[0m06:13:03.427341 [info ] [MainThread]: adapter version: 1.8.2
[0m06:13:03.427888 [info ] [MainThread]: Configuration:
[0m06:13:03.428515 [info ] [MainThread]:   profiles.yml file [[32mOK found and valid[0m]
[0m06:13:03.429035 [info ] [MainThread]:   dbt_project.yml file [[31mERROR not found[0m]
[0m06:13:03.429549 [info ] [MainThread]: Required dependencies:
[0m06:13:03.430098 [debug] [MainThread]: Executing "git --help"
[0m06:13:03.433153 [debug] [MainThread]: STDOUT: "b"usage: git [-v | --version] [-h | --help] [-C <path>] [-c <name>=<value>]\n           [--exec-path[=<path>]] [--html-path] [--man-path] [--info-path]\n           [-p | --paginate | -P | --no-pager] [--no-replace-objects] [--no-lazy-fetch]\n           [--no-optional-locks] [--no-advice] [--bare] [--git-dir=<path>]\n           [--work-tree=<path>] [--namespace=<name>] [--config-env=<name>=<envvar>]\n           <command> [<args>]\n\nThese are common Git commands used in various situations:\n\nstart a working area (see also: git help tutorial)\n   clone     Clone a repository into a new directory\n   init      Create an empty Git repository or reinitialize an existing one\n\nwork on the current change (see also: git help everyday)\n   add       Add file contents to the index\n   mv        Move or rename a file, a directory, or a symlink\n   restore   Restore working tree files\n   rm        Remove files from the working tree and from the index\n\nexamine the history and state (see also: git help revisions)\n   bisect    Use binary search to find the commit that introduced a bug\n   diff      Show changes between commits, commit and working tree, etc\n   grep      Print lines matching a pattern\n   log       Show commit logs\n   show      Show various types of objects\n   status    Show the working tree status\n\ngrow, mark and tweak your common history\n   branch    List, create, or delete branches\n   commit    Record changes to the repository\n   merge     Join two or more development histories together\n   rebase    Reapply commits on top of another base tip\n   reset     Reset current HEAD to the specified state\n   switch    Switch branches\n   tag       Create, list, delete or verify a tag object signed with GPG\n\ncollaborate (see also: git help workflows)\n   fetch     Download objects and refs from another repository\n   pull      Fetch from and integrate with another repository or a local branch\n   push      Update remote refs along with associated objects\n\n'git help -a' and 'git help -g' list available subcommands and some\nconcept guides. See 'git help <command>' or 'git help <concept>'\nto read about a specific subcommand or concept.\nSee 'git help git' for an overview of the system.\n""
[0m06:13:03.434023 [debug] [MainThread]: STDERR: "b''"
[0m06:13:03.434717 [info ] [MainThread]:  - git [[32mOK found[0m]

[0m06:13:03.435507 [info ] [MainThread]: Connection:
[0m06:13:03.436100 [info ] [MainThread]:   host: 172.99.0.2
[0m06:13:03.436772 [info ] [MainThread]:   port: 5432
[0m06:13:03.437451 [info ] [MainThread]:   user: developer_user
[0m06:13:03.438061 [info ] [MainThread]:   database: analytics
[0m06:13:03.438806 [info ] [MainThread]:   schema: dev_analytics
[0m06:13:03.439503 [info ] [MainThread]:   connect_timeout: 10
[0m06:13:03.440102 [info ] [MainThread]:   role: None
[0m06:13:03.440689 [info ] [MainThread]:   search_path: None
[0m06:13:03.441415 [info ] [MainThread]:   keepalives_idle: 0
[0m06:13:03.442101 [info ] [MainThread]:   sslmode: None
[0m06:13:03.442782 [info ] [MainThread]:   sslcert: None
[0m06:13:03.443466 [info ] [MainThread]:   sslkey: None
[0m06:13:03.444002 [info ] [MainThread]:   sslrootcert: None
[0m06:13:03.444518 [info ] [MainThread]:   application_name: dbt
[0m06:13:03.445020 [info ] [MainThread]:   retries: 1
[0m06:13:03.445692 [info ] [MainThread]: Registered adapter: postgres=1.8.2
[0m06:13:03.447850 [debug] [MainThread]: Acquiring new postgres connection 'debug'
[0m06:13:03.488228 [debug] [MainThread]: Using postgres connection "debug"
[0m06:13:03.489095 [debug] [MainThread]: On debug: select 1 as id
[0m06:13:03.489791 [debug] [MainThread]: Opening a new connection, currently in state init
[0m06:13:03.506720 [debug] [MainThread]: SQL status: SELECT 1 in 0.017 seconds
[0m06:13:03.508573 [debug] [MainThread]: On debug: Close
[0m06:13:03.511677 [info ] [MainThread]:   Connection test: [[32mOK connection ok[0m]

[0m06:13:03.512621 [info ] [MainThread]: [31m1 check failed:[0m
[0m06:13:03.513378 [info ] [MainThread]: Project loading failed for the following reason:
 project path </workspaces/modern-data-stack/development/Github/dbt_project.yml> not found

[0m06:13:03.514841 [debug] [MainThread]: Resource report: {"command_name": "debug", "command_wall_clock_time": 0.2596761, "process_user_time": 1.448292, "process_kernel_time": 0.130991, "process_mem_max_rss": "97672", "process_in_blocks": "136", "process_out_blocks": "24", "command_success": false}
[0m06:13:03.515852 [debug] [MainThread]: Command `dbt debug` failed at 06:13:03.515701 after 0.26 seconds
[0m06:13:03.516641 [debug] [MainThread]: Connection 'debug' was properly closed.
[0m06:13:03.517411 [debug] [MainThread]: Sending event: {'category': 'dbt', 'action': 'invocation', 'label': 'end', 'context': [<snowplow_tracker.self_describing_json.SelfDescribingJson object at 0x7d4712283b30>, <snowplow_tracker.self_describing_json.SelfDescribingJson object at 0x7d470ebf8140>, <snowplow_tracker.self_describing_json.SelfDescribingJson object at 0x7d470f1e5190>]}
[0m06:13:03.518205 [debug] [MainThread]: Flushing usage events
